<?xml version="1.0" encoding="UTF-8"?>
<!-- Generated by org.testng.reporters.JUnitXMLReporter -->
<testsuite ignored="0" hostname="testvm01" failures="0" tests="5" name="Default test" time="11.392" errors="0" timestamp="2023-09-23T11:57:44 IST">
  <testcase classname="testNGAnnotation.ActiTimeDataProvider" name="invalidLoginMethod" time="3.145"/>
  <testcase classname="testNGAnnotation.ActiTimeDataProvider" name="invalidLoginMethod" time="1.723"/>
  <testcase classname="testNGAnnotation.ActiTimeDataProvider" name="invalidLoginMethod" time="1.895"/>
  <testcase classname="testNGAnnotation.ActiTimeDataProvider" name="invalidLoginMethod" time="2.743"/>
  <testcase classname="testNGAnnotation.ActiTimeDataProvider" name="invalidLoginMethod" time="1.779"/>
</testsuite> <!-- Default test -->
